2022-07-31 09:40:20.687 | INFO     | server:startup_event:121 - Setup completed
2022-07-31 09:42:26.572 | INFO     | server:shutdown_event:132 - Shutting down application
2022-07-31 09:42:29.751 | INFO     | server:startup_event:121 - Setup completed
2022-07-31 09:43:06.565 | INFO     | server:shutdown_event:132 - Shutting down application
2022-07-31 09:43:08.396 | INFO     | server:startup_event:121 - Setup completed
2022-07-31 09:44:11.864 | INFO     | server:shutdown_event:132 - Shutting down application
2022-07-31 09:44:13.782 | INFO     | server:startup_event:121 - Setup completed
2022-07-31 09:44:15.506 | INFO     | server:shutdown_event:132 - Shutting down application
2022-07-31 09:44:17.143 | INFO     | server:startup_event:121 - Setup completed
2022-07-31 09:49:41.636 | INFO     | server:shutdown_event:132 - Shutting down application
2022-07-31 09:49:43.582 | INFO     | server:startup_event:120 - Setup completed
2022-07-31 09:53:15.506 | INFO     | server:shutdown_event:131 - Shutting down application
2022-07-31 09:53:17.374 | INFO     | server:startup_event:121 - Setup completed
2022-07-31 09:53:41.501 | INFO     | server:shutdown_event:132 - Shutting down application
2022-07-31 09:53:43.470 | INFO     | server:startup_event:121 - Setup completed
2022-07-31 09:53:48.842 | INFO     | server:predict:159 - {'timestamp': '2022:07:31 09:53:48'}
2022-07-31 09:54:18.369 | INFO     | server:shutdown_event:132 - Shutting down application
2022-07-31 09:54:20.187 | INFO     | server:startup_event:121 - Setup completed
2022-07-31 09:54:20.193 | INFO     | server:predict:160 - {'timestamp': '2022:07:31 09:54:20', 'request': PredictRequest(source='string', url='string', title='string', description='string')}
2022-07-31 09:54:48.053 | INFO     | server:shutdown_event:132 - Shutting down application
2022-07-31 09:54:49.935 | INFO     | server:startup_event:121 - Setup completed
2022-07-31 09:54:57.546 | INFO     | server:predict:160 - {'timestamp': '2022:07:31 09:54:57', 'request': {'source': 'string', 'url': 'string', 'title': 'string', 'description': 'string'}}
2022-07-31 09:56:04.292 | INFO     | server:shutdown_event:132 - Shutting down application
2022-07-31 09:56:06.181 | INFO     | server:startup_event:122 - Setup completed
2022-07-31 09:56:14.688 | INFO     | server:shutdown_event:133 - Shutting down application
2022-07-31 09:56:16.361 | INFO     | server:startup_event:122 - Setup completed
2022-07-31 09:56:19.590 | INFO     | server:predict:163 - {'timestamp': '2022:07:31 09:56:19', 'request': {'source': 'string', 'url': 'string', 'title': 'string', 'description': 'string'}, 'latency': 0.00024579100000021725}
2022-07-31 09:56:47.390 | INFO     | server:shutdown_event:133 - Shutting down application
2022-07-31 09:56:49.370 | INFO     | server:startup_event:122 - Setup completed
2022-07-31 09:57:07.508 | INFO     | server:shutdown_event:133 - Shutting down application
2022-07-31 09:57:09.452 | INFO     | server:startup_event:122 - Setup completed
2022-07-31 09:57:09.459 | INFO     | server:predict:164 - {'timestamp': '2022:07:31 09:57:09', 'request': {'source': 'string', 'url': 'string', 'title': 'string', 'description': 'string'}, 'prediction': {'scores': {}, 'label': ''}, 'latency': 0.08649999999987834}
2022-07-31 10:00:06.227 | INFO     | server:shutdown_event:133 - Shutting down application
2022-07-31 10:00:08.177 | INFO     | server:startup_event:123 - ['Business' 'Entertainment' 'Health' 'Music Feeds' 'Sci/Tech'
 'Software and Developement' 'Sports' 'Toons']
2022-07-31 10:00:08.178 | INFO     | server:startup_event:124 - Setup completed
2022-07-31 10:02:49.025 | INFO     | server:shutdown_event:134 - Shutting down application
2022-07-31 10:05:54.407 | INFO     | server:startup_event:129 - Setup completed
2022-07-31 10:06:43.462 | INFO     | server:shutdown_event:139 - Shutting down application
2022-07-31 10:06:46.556 | INFO     | server:startup_event:128 - Setup completed
2022-07-31 10:07:40.479 | INFO     | server:shutdown_event:137 - Shutting down application
2022-07-31 10:07:43.386 | INFO     | server:startup_event:128 - Setup completed
2022-07-31 10:07:54.530 | INFO     | server:shutdown_event:137 - Shutting down application
2022-07-31 10:07:57.122 | INFO     | server:startup_event:127 - Setup completed
2022-07-31 10:07:58.743 | INFO     | server:shutdown_event:136 - Shutting down application
2022-07-31 10:08:01.327 | INFO     | server:startup_event:126 - Setup completed
2022-07-31 10:08:11.719 | INFO     | server:predict:164 - {'timestamp': '2022:07:31 10:08:11', 'request': {'source': 'string', 'url': 'string', 'title': 'string', 'description': 'string'}, 'prediction': {'scores': {'Business': array([0.14945503, 0.36379959, 0.08175329, 0.00704955, 0.20174617,
       0.02471237, 0.15142731, 0.02005669]), 'Entertainment': array([0.16220233, 0.32445763, 0.04300251, 0.00806435, 0.27911983,
       0.0238699 , 0.13936837, 0.01991508]), 'Health': array([0.14935091, 0.30497289, 0.07171838, 0.00957008, 0.29824005,
       0.0295049 , 0.11319978, 0.02344302]), 'Music Feeds': array([0.20957023, 0.26137554, 0.07401101, 0.01044857, 0.1558033 ,
       0.02872331, 0.23543306, 0.02463497]), 'Sci/Tech': array([0.13997152, 0.41879503, 0.04665747, 0.00814946, 0.21706501,
       0.02168508, 0.12846404, 0.01921238]), 'Software and Developement': array([0.21209858, 0.28561551, 0.05064363, 0.00867145, 0.251889  ,
       0.02431696, 0.14480623, 0.02195865])}, 'label': ''}, 'latency': 288.85512499999953}
2022-07-31 10:08:36.307 | INFO     | server:shutdown_event:135 - Shutting down application
2022-07-31 10:08:39.186 | INFO     | server:startup_event:128 - Setup completed
2022-07-31 10:09:08.065 | INFO     | server:predict_proba:96 - [[0.14945503 0.36379959 0.08175329 0.00704955 0.20174617 0.02471237
  0.15142731 0.02005669]
 [0.16220233 0.32445763 0.04300251 0.00806435 0.27911983 0.0238699
  0.13936837 0.01991508]
 [0.14935091 0.30497289 0.07171838 0.00957008 0.29824005 0.0295049
  0.11319978 0.02344302]
 [0.20957023 0.26137554 0.07401101 0.01044857 0.1558033  0.02872331
  0.23543306 0.02463497]
 [0.13997152 0.41879503 0.04665747 0.00814946 0.21706501 0.02168508
  0.12846404 0.01921238]
 [0.21209858 0.28561551 0.05064363 0.00867145 0.251889   0.02431696
  0.14480623 0.02195865]]
2022-07-31 10:09:08.066 | INFO     | server:predict_proba:97 - ['Business' 'Entertainment' 'Health' 'Music Feeds' 'Sci/Tech'
 'Software and Developement' 'Sports' 'Toons']
2022-07-31 10:09:08.066 | INFO     | server:predict:166 - {'timestamp': '2022:07:31 10:09:08', 'request': {'source': 'string', 'url': 'string', 'title': 'string', 'description': 'string'}, 'prediction': {'scores': {'Business': array([0.14945503, 0.36379959, 0.08175329, 0.00704955, 0.20174617,
       0.02471237, 0.15142731, 0.02005669]), 'Entertainment': array([0.16220233, 0.32445763, 0.04300251, 0.00806435, 0.27911983,
       0.0238699 , 0.13936837, 0.01991508]), 'Health': array([0.14935091, 0.30497289, 0.07171838, 0.00957008, 0.29824005,
       0.0295049 , 0.11319978, 0.02344302]), 'Music Feeds': array([0.20957023, 0.26137554, 0.07401101, 0.01044857, 0.1558033 ,
       0.02872331, 0.23543306, 0.02463497]), 'Sci/Tech': array([0.13997152, 0.41879503, 0.04665747, 0.00814946, 0.21706501,
       0.02168508, 0.12846404, 0.01921238]), 'Software and Developement': array([0.21209858, 0.28561551, 0.05064363, 0.00867145, 0.251889  ,
       0.02431696, 0.14480623, 0.02195865])}, 'label': ''}, 'latency': 222.28950000000225}
2022-07-31 10:09:23.688 | INFO     | server:shutdown_event:137 - Shutting down application
2022-07-31 10:09:26.596 | INFO     | server:startup_event:129 - Setup completed
2022-07-31 10:09:35.612 | INFO     | server:predict_proba:96 - [[0.14945503 0.36379959 0.08175329 0.00704955 0.20174617 0.02471237
  0.15142731 0.02005669]
 [0.16220233 0.32445763 0.04300251 0.00806435 0.27911983 0.0238699
  0.13936837 0.01991508]
 [0.14935091 0.30497289 0.07171838 0.00957008 0.29824005 0.0295049
  0.11319978 0.02344302]
 [0.20957023 0.26137554 0.07401101 0.01044857 0.1558033  0.02872331
  0.23543306 0.02463497]
 [0.13997152 0.41879503 0.04665747 0.00814946 0.21706501 0.02168508
  0.12846404 0.01921238]
 [0.21209858 0.28561551 0.05064363 0.00867145 0.251889   0.02431696
  0.14480623 0.02195865]]
2022-07-31 10:09:35.613 | INFO     | server:predict_proba:97 - (6, 8)
2022-07-31 10:09:35.613 | INFO     | server:predict_proba:98 - ['Business' 'Entertainment' 'Health' 'Music Feeds' 'Sci/Tech'
 'Software and Developement' 'Sports' 'Toons']
2022-07-31 10:09:35.613 | INFO     | server:predict:167 - {'timestamp': '2022:07:31 10:09:35', 'request': {'source': 'string', 'url': 'string', 'title': 'string', 'description': 'string'}, 'prediction': {'scores': {'Business': array([0.14945503, 0.36379959, 0.08175329, 0.00704955, 0.20174617,
       0.02471237, 0.15142731, 0.02005669]), 'Entertainment': array([0.16220233, 0.32445763, 0.04300251, 0.00806435, 0.27911983,
       0.0238699 , 0.13936837, 0.01991508]), 'Health': array([0.14935091, 0.30497289, 0.07171838, 0.00957008, 0.29824005,
       0.0295049 , 0.11319978, 0.02344302]), 'Music Feeds': array([0.20957023, 0.26137554, 0.07401101, 0.01044857, 0.1558033 ,
       0.02872331, 0.23543306, 0.02463497]), 'Sci/Tech': array([0.13997152, 0.41879503, 0.04665747, 0.00814946, 0.21706501,
       0.02168508, 0.12846404, 0.01921238]), 'Software and Developement': array([0.21209858, 0.28561551, 0.05064363, 0.00867145, 0.251889  ,
       0.02431696, 0.14480623, 0.02195865])}, 'label': ''}, 'latency': 219.50433299999972}
2022-07-31 10:11:03.674 | INFO     | server:shutdown_event:138 - Shutting down application
2022-07-31 10:11:06.614 | INFO     | server:startup_event:129 - Setup completed
2022-07-31 10:11:07.310 | INFO     | server:predict_proba:96 - [[0.05801499 0.18439777 0.03759711 0.00957824 0.25164424 0.02112611
  0.42186115 0.01578038]]
2022-07-31 10:11:07.311 | INFO     | server:predict_proba:97 - (1, 8)
2022-07-31 10:11:07.311 | INFO     | server:predict_proba:98 - ['Business' 'Entertainment' 'Health' 'Music Feeds' 'Sci/Tech'
 'Software and Developement' 'Sports' 'Toons']
2022-07-31 10:11:07.311 | INFO     | server:predict:167 - {'timestamp': '2022:07:31 10:11:07', 'request': {'source': 'string', 'url': 'string', 'title': 'string', 'description': 'string'}, 'prediction': {'scores': {'Business': array([0.05801499, 0.18439777, 0.03759711, 0.00957824, 0.25164424,
       0.02112611, 0.42186115, 0.01578038])}, 'label': ''}, 'latency': 59.553832999999834}
2022-07-31 10:11:46.350 | INFO     | server:shutdown_event:138 - Shutting down application
2022-07-31 10:11:49.237 | INFO     | server:startup_event:130 - Setup completed
2022-07-31 10:11:49.282 | INFO     | server:predict_proba:97 - [[0.05801499 0.18439777 0.03759711 0.00957824 0.25164424 0.02112611
  0.42186115 0.01578038]]
2022-07-31 10:11:49.282 | INFO     | server:predict_proba:98 - (1, 8)
2022-07-31 10:11:49.282 | INFO     | server:predict_proba:99 - ['Business' 'Entertainment' 'Health' 'Music Feeds' 'Sci/Tech'
 'Software and Developement' 'Sports' 'Toons']
2022-07-31 10:11:49.282 | INFO     | server:predict:168 - {'timestamp': '2022:07:31 10:11:49', 'request': {'source': 'string', 'url': 'string', 'title': 'string', 'description': 'string'}, 'prediction': {'scores': {'Business': array([0.05801499, 0.18439777, 0.03759711, 0.00957824, 0.25164424,
       0.02112611, 0.42186115, 0.01578038])}, 'label': ''}, 'latency': 38.143874999999824}
2022-07-31 10:12:01.905 | INFO     | server:shutdown_event:139 - Shutting down application
2022-07-31 10:12:04.550 | INFO     | server:startup_event:130 - Setup completed
2022-07-31 10:12:06.714 | INFO     | server:predict_proba:97 - [0.05801499 0.18439777 0.03759711 0.00957824 0.25164424 0.02112611
 0.42186115 0.01578038]
2022-07-31 10:12:06.714 | INFO     | server:predict_proba:98 - (8,)
2022-07-31 10:12:06.714 | INFO     | server:predict_proba:99 - ['Business' 'Entertainment' 'Health' 'Music Feeds' 'Sci/Tech'
 'Software and Developement' 'Sports' 'Toons']
2022-07-31 10:12:06.714 | INFO     | server:predict:168 - {'timestamp': '2022:07:31 10:12:06', 'request': {'source': 'string', 'url': 'string', 'title': 'string', 'description': 'string'}, 'prediction': {'scores': {'Business': 0.05801499426291609, 'Entertainment': 0.18439776843206673, 'Health': 0.03759710511572665, 'Music Feeds': 0.009578241382088766, 'Sci/Tech': 0.2516442429754058, 'Software and Developement': 0.021126114583450636, 'Sports': 0.42186115443289934, 'Toons': 0.01578037881544599}, 'label': ''}, 'latency': 77.55641600000018}
2022-07-31 10:12:35.672 | INFO     | server:shutdown_event:139 - Shutting down application
2022-07-31 10:12:38.327 | INFO     | server:startup_event:128 - Setup completed
2022-07-31 10:12:40.016 | INFO     | server:predict_proba:97 - 1.0
2022-07-31 10:12:40.016 | INFO     | server:predict:166 - {'timestamp': '2022:07:31 10:12:40', 'request': {'source': 'string', 'url': 'string', 'title': 'string', 'description': 'string'}, 'prediction': {'scores': {'Business': 0.05801499426291609, 'Entertainment': 0.18439776843206673, 'Health': 0.03759710511572665, 'Music Feeds': 0.009578241382088766, 'Sci/Tech': 0.2516442429754058, 'Software and Developement': 0.021126114583450636, 'Sports': 0.42186115443289934, 'Toons': 0.01578037881544599}, 'label': ''}, 'latency': 60.662375000000154}
2022-07-31 10:13:28.649 | INFO     | server:shutdown_event:137 - Shutting down application
2022-07-31 10:13:31.267 | INFO     | server:startup_event:129 - Setup completed
2022-07-31 10:13:34.285 | INFO     | server:predict_label:108 - ['Sports']
2022-07-31 10:13:34.286 | INFO     | server:predict:167 - {'timestamp': '2022:07:31 10:13:34', 'request': {'source': 'string', 'url': 'string', 'title': 'string', 'description': 'string'}, 'prediction': {'scores': {'Business': 0.05801499426291609, 'Entertainment': 0.18439776843206673, 'Health': 0.03759710511572665, 'Music Feeds': 0.009578241382088766, 'Sci/Tech': 0.2516442429754058, 'Software and Developement': 0.021126114583450636, 'Sports': 0.42186115443289934, 'Toons': 0.01578037881544599}, 'label': "['Sports']"}, 'latency': 110.3110410000001}
2022-07-31 10:14:06.321 | INFO     | server:shutdown_event:138 - Shutting down application
2022-07-31 10:14:09.245 | INFO     | server:startup_event:129 - Setup completed
2022-07-31 10:14:09.324 | INFO     | server:predict:167 - {'timestamp': '2022:07:31 10:14:09', 'request': {'source': 'string', 'url': 'string', 'title': 'string', 'description': 'string'}, 'prediction': {'scores': {'Business': 0.05801499426291609, 'Entertainment': 0.18439776843206673, 'Health': 0.03759710511572665, 'Music Feeds': 0.009578241382088766, 'Sci/Tech': 0.2516442429754058, 'Software and Developement': 0.021126114583450636, 'Sports': 0.42186115443289934, 'Toons': 0.01578037881544599}, 'label': 'Sports'}, 'latency': 72.45187500000006}
2022-07-31 10:14:36.651 | INFO     | server:predict:167 - {'timestamp': '2022:07:31 10:14:36', 'request': {'source': 'anysource', 'url': 'asdfjkajsdf', 'title': 'basldkfjasdf', 'description': 'Financial markets bull price stock'}, 'prediction': {'scores': {'Business': 0.9129348594087013, 'Entertainment': 0.038003128848700024, 'Health': 0.007802361565202838, 'Music Feeds': 0.00138307403969556, 'Sci/Tech': 0.022464469000377716, 'Software and Developement': 0.004511030961076472, 'Sports': 0.010603202334936036, 'Toons': 0.002297873841310028}, 'label': 'Business'}, 'latency': 165.7897499999983}
2022-07-31 10:15:21.439 | INFO     | server:shutdown_event:138 - Shutting down application
2022-07-31 10:15:24.507 | INFO     | server:startup_event:132 - Setup completed
